<!DOCTYPE html>
<html>
<head>
    <title>Unittest Results</title>
    <meta charset="utf-8">
    <meta name="viewport" content="width=device-width, initial-scale=1.0">
    <link rel="stylesheet" href="https://maxcdn.bootstrapcdn.com/bootstrap/3.3.6/css/bootstrap.min.css" integrity="sha384-1q8mTJOASx8j1Au+a5WDVnPi2lkFfwwEAa8hDDdjZlpLegxhjVME1fgjWPGmkzs7" crossorigin="anonymous">
</head>
<body>
    <div class="container">
        <div class="row">
            <div class="col-xs-12">
                <h2 class="text-capitalize">Unittest Results</h2>
                <p class='attribute'><strong>Start Time: </strong>2023-04-20 10:57:12</p>
                <p class='attribute'><strong>Duration: </strong>6.04 s</p>
                <p class='attribute'><strong>Summary: </strong>Total: 2, Pass: 1, Error: 1</p>
            </div>
        </div>
        <div class="row">
            <div class="col-xs-12 col-sm-10 col-md-10">
                <table class='table table-hover table-responsive'>
                    <thead>
                        <tr>
                            <th>__main__.HRM_Login_Test</th>
                            <th>Status</th>
                            <th></th>
                        </tr>
                    </thead>
                    <tbody>
                        <tr class='success'>
                            <td class="col-xs-10">test_HomePageTitle</td>
                            <td class="col-xs-1">
                                <span class="label label-success" style="display:block;width:40px;">Pass</span>
                            </td>
                            <td class="col-xs-1">
                            </td>
                        </tr>
                        <tr class='warning'>
                            <td class="col-xs-10">test_login</td>
                            <td class="col-xs-1">
                                <span class="label label-warning" style="display:block;width:40px;">Error</span>
                            </td>
                            <td class="col-xs-1">
                                <button class="btn btn-default btn-xs">View</button>
                            </td>
                        </tr>
                        <tr style="display:none;">
                            <td class="col-xs-9" colspan="3"><p style="color:maroon;">NoSuchElementException: Message: no such element: Unable to locate element: {"method":"xpath","selector":"//input[@placeholder='Username']"}
  (Session info: chrome=112.0.5615.121)
Stacktrace:
Backtrace:
	(No symbol) [0x007ADCE3]
	(No symbol) [0x007439D1]
	(No symbol) [0x00654DA8]
	(No symbol) [0x0068019F]
	(No symbol) [0x006803AB]
	(No symbol) [0x006AEE62]
	(No symbol) [0x0069AF14]
	(No symbol) [0x006AD57C]
	(No symbol) [0x0069ACC6]
	(No symbol) [0x00676F68]
	(No symbol) [0x006780CD]
	GetHandleVerifier [0x00A23832+2506274]
	GetHandleVerifier [0x00A59794+2727300]
	GetHandleVerifier [0x00A5E36C+2746716]
	GetHandleVerifier [0x00856690+617600]
	(No symbol) [0x0074C712]
	(No symbol) [0x00751FF8]
	(No symbol) [0x007520DB]
	(No symbol) [0x0075C63B]
	BaseThreadInitThunk [0x77760099+25]
	RtlGetAppContainerNamedObjectPath [0x778A7B6E+286]
	RtlGetAppContainerNamedObjectPath [0x778A7B3E+238]
</p><p style="color:maroon;">Traceback (most recent call last):
  File "G:\INFOSYS Lectures & Codes\Python Testing Codes\Python Codes\HTML Reports\Test_htmlReports.py", line 25, in test_login
    self.driver.find_element_by_xpath("//input[@placeholder='Username']").send_keys("Admin")
    ^^^^^^^^^^^^^^^^^^^^^^^^^^^^^^^^^^^^^^^^^^^^^^^^^^^^^^^^^^^^^^^^^^^^^
  File "C:\Users\HP\AppData\Local\Programs\Python\Python311\Lib\site-packages\selenium\webdriver\remote\webdriver.py", line 484, in find_element_by_xpath
    return self.find_element(by=By.XPATH, value=xpath)
           ^^^^^^^^^^^^^^^^^^^^^^^^^^^^^^^^^^^^^^^^^^^
  File "C:\Users\HP\AppData\Local\Programs\Python\Python311\Lib\site-packages\selenium\webdriver\remote\webdriver.py", line 1153, in find_element
    return self.execute(Command.FIND_ELEMENT, {
           ^^^^^^^^^^^^^^^^^^^^^^^^^^^^^^^^^^^^
  File "C:\Users\HP\AppData\Local\Programs\Python\Python311\Lib\site-packages\selenium\webdriver\remote\webdriver.py", line 400, in execute
    self.error_handler.check_response(response)
  File "C:\Users\HP\AppData\Local\Programs\Python\Python311\Lib\site-packages\selenium\webdriver\remote\errorhandler.py", line 236, in check_response
    raise exception_class(message, screen, stacktrace)
selenium.common.exceptions.NoSuchElementException: Message: no such element: Unable to locate element: {"method":"xpath","selector":"//input[@placeholder='Username']"}
  (Session info: chrome=112.0.5615.121)
Stacktrace:
Backtrace:
	(No symbol) [0x007ADCE3]
	(No symbol) [0x007439D1]
	(No symbol) [0x00654DA8]
	(No symbol) [0x0068019F]
	(No symbol) [0x006803AB]
	(No symbol) [0x006AEE62]
	(No symbol) [0x0069AF14]
	(No symbol) [0x006AD57C]
	(No symbol) [0x0069ACC6]
	(No symbol) [0x00676F68]
	(No symbol) [0x006780CD]
	GetHandleVerifier [0x00A23832+2506274]
	GetHandleVerifier [0x00A59794+2727300]
	GetHandleVerifier [0x00A5E36C+2746716]
	GetHandleVerifier [0x00856690+617600]
	(No symbol) [0x0074C712]
	(No symbol) [0x00751FF8]
	(No symbol) [0x007520DB]
	(No symbol) [0x0075C63B]
	BaseThreadInitThunk [0x77760099+25]
	RtlGetAppContainerNamedObjectPath [0x778A7B6E+286]
	RtlGetAppContainerNamedObjectPath [0x778A7B3E+238]

C:\Users\HP\AppData\Local\Programs\Python\Python311\Lib\site-packages\selenium\webdriver\remote\webdriver.py:483: UserWarning: find_element_by_* commands are deprecated. Please use find_element() instead
  warnings.warn("find_element_by_* commands are deprecated. Please use find_element() instead")
</p>
                            </td>
                        </tr>
                        <tr>
                            <td colspan="3">
                                Total: 2, Pass: 1, Error: 1 -- Duration: 6.04 s
                            </td>
                        </tr>
                    </tbody>
                </table>
            </div>
        </div>
    </div>
    <script src="https://ajax.googleapis.com/ajax/libs/jquery/2.2.4/jquery.min.js"></script>
    <script type="text/javascript">
        $(document).ready(function(){
            $('td').on('click', '.btn', function(e){
                e.preventDefault();
                e.stopImmediatePropagation();
                var $this = $(this);
                var $nextRow = $this.closest('tr').next('tr');
                $nextRow.slideToggle("fast");
                $this.text(function(i, text){
                    if (text === 'View') {
                        return 'Hide';
                    } else {
                        return 'View';
                    };
                });
            });
        });
    </script>
</body>
</html